<?xml version="1.0" encoding="UTF-8"?>
<!-- Generated by org.testng.reporters.JUnitXMLReporter -->
<testsuite hostname="ESPD-0079" name="Test Six" tests="1"
	failures="0" timestamp="11 Sep 2020 17:02:33 GMT" time="0.008"
	errors="0">
	<testcase name="@BeforeSuite checkSuiteToRun" time="0.0"
		classname="TestScripts.GrantOption_Method">
		<failure type="java.lang.ExceptionInInitializerError">
      <![CDATA[java.lang.ExceptionInInitializerError
	at org.openqa.selenium.firefox.FirefoxBinary.<init>(FirefoxBinary.java:59)
	at org.openqa.selenium.firefox.FirefoxBinary.<init>(FirefoxBinary.java:55)
	at org.openqa.selenium.firefox.FirefoxDriver.<init>(FirefoxDriver.java:99)
	at TestSuiteBase.SuiteBase.fn_browserinit(SuiteBase.java:163)
	at BaseClasses.Login_BaseClass.checkSuiteToRun(Login_BaseClass.java:75)
Caused by: org.openqa.selenium.WebDriverException: "webdriver.firefox.bin" property set, but unable to locate the requested binary: C:\Program Files\Mozilla Firefox\firefox.exe
Build info: version: '2.45.0', revision: '32a636c', time: '2015-03-05 22:01:35'
System info: host: 'ESPD-0079', ip: '172.16.11.120', os.name: 'Windows 10', os.arch: 'amd64', os.version: '10.0', java.version: '1.8.0_161'
Driver info: driver.version: FirefoxDriver
	at org.openqa.selenium.firefox.internal.Executable.locateFirefoxBinaryFromSystemProperty(Executable.java:143)
	at org.openqa.selenium.firefox.internal.Executable.<clinit>(Executable.java:43)
	... 23 more
... Removed 18 stack frames]]>
		</failure>
	</testcase> <!-- @BeforeSuite checkSuiteToRun -->
	<testcase name="@BeforeTest checkCaseToRun" time="0.0"
		classname="TestScripts.GrantOption_Method">
		<skipped />
	</testcase> <!-- @BeforeTest checkCaseToRun -->
	<testcase name="@AfterTest closeBrowser" time="0.0"
		classname="TestScripts.GrantOption_Method">
		<skipped />
	</testcase> <!-- @AfterTest closeBrowser -->
	<testcase name="GrantDetails" time="0.0"
		classname="TestScripts.GrantOption_Method">
		<skipped />
	</testcase> <!-- GrantDetails -->
</testsuite> <!-- Test Six -->
